10:02:40,013 INFO  ~ Starting E:\360cloud\99weidian
10:02:41,606 INFO  ~ Module secure is available (E:\play1.3.0\modules\secure)
10:02:41,606 INFO  ~ Module crud is available (E:\play1.3.0\modules\crud)
10:02:41,606 INFO  ~ Module rythm is available (E:\360cloud\99weidian\modules\rythm-1.0.0-20121210)
10:02:43,132 WARN  ~ You're running Play! in DEV mode
10:02:43,621 INFO  ~ Listening for HTTP on port 9000 (Waiting a first request to start) ...
10:08:30,178 INFO  ~ RythmPlugin-1.0.0-20121210> Rythm started in dev mode
10:08:51,107 INFO  ~ RythmPlugin-1.0.0-20121210> Rythm started in dev mode
10:08:53,318 INFO  ~ Connected to jdbc:mysql://42.121.80.161:3306/weidianqiang?useUnicode=true&characterEncoding=utf-8&connectionCollation=utf8_general_ci for default
10:08:55,394 INFO  ~ Application '99weidian' is now started !
10:08:55,467 INFO  ~ init data check..
10:08:55,671 INFO  ~ check complete..
10:09:28,333 ERROR ~ ipToLong error,ip 0:0:0:0:0:0:0:1
10:22:31,129 INFO  ~ RythmPlugin-1.0.0-20121210> Rythm started in dev mode
10:22:32,860 INFO  ~ init data check..
10:22:32,923 INFO  ~ check complete..
10:23:20,182 INFO  ~ Starting E:\360cloud\99weidian
10:23:20,435 INFO  ~ Module secure is available (E:\play1.3.0\modules\secure)
10:23:20,435 INFO  ~ Module crud is available (E:\play1.3.0\modules\crud)
10:23:20,435 INFO  ~ Module rythm is available (E:\360cloud\99weidian\modules\rythm-1.0.0-20121210)
10:23:20,536 INFO  ~ Precompiling ...
10:23:22,755 INFO  ~ RythmPlugin-1.0.0-20121210> Rythm started in prod mode
10:23:30,277 INFO  ~ Connected to jdbc:mysql://42.121.80.161:3306/weidianqiang?useUnicode=true&characterEncoding=utf-8&connectionCollation=utf8_general_ci for default
10:23:30,888 INFO  ~ Application '99weidian' is now started !
10:23:30,938 INFO  ~ init data check..
10:23:31,099 INFO  ~ check complete..
10:23:31,222 INFO  ~ Listening for HTTP on port 9000 ...
10:26:42,783 INFO  ~ Starting E:\360cloud\99weidian
10:26:43,068 INFO  ~ Module secure is available (E:\play1.3.0\modules\secure)
10:26:43,069 INFO  ~ Module crud is available (E:\play1.3.0\modules\crud)
10:26:43,069 INFO  ~ Module rythm is available (E:\360cloud\99weidian\modules\rythm-1.0.0-20121210)
10:26:43,172 INFO  ~ Precompiling ...
10:26:45,531 INFO  ~ RythmPlugin-1.0.0-20121210> Rythm started in prod mode
10:26:51,825 INFO  ~ Connected to jdbc:mysql://42.121.80.161:3306/weidianqiang?useUnicode=true&characterEncoding=utf-8&connectionCollation=utf8_general_ci for default
10:26:52,448 INFO  ~ Application '99weidian' is now started !
10:26:52,499 INFO  ~ init data check..
10:26:52,646 INFO  ~ check complete..
10:26:52,757 INFO  ~ Listening for HTTP on port 9000 ...
10:28:18,558 INFO  ~ cache the api/jiujiu/1
